\o Program:		@(#)$CDS: libManager version 6.1.8 - CAT37 08/16/2019 17:05 (sjfhw025) $
\o Sub version:		sub-version  s053 
\o Arguments:		-mpssession virtuoso13293 -mpshost auto.ece.pdx.edu 
\o Working Directory:	auto.ece.pdx.edu:/u/kunduru/FreePDK45/ncsu_basekit/cdssetup/cadence526
\o 64-bit offsets
\o Qt version: 		5.9.1
\o Log file is "/u/kunduru/FreePDK45/ncsu_basekit/cdssetup/cadence526/libManager.log".
\o Opening libManager window.
\a nrSetCurrentWindow(cdsLibManager)
\a nrResizeWindow(cdsLibManager list(188 104 602 491))
\o changeWorkingDir("/u/kunduru/FreePDK45/ncsu_basekit/cdssetup/cadence526") unnecessary.
\o ddSetForcedLib("") unnecessary.
\o MPS service: map window
\o Library Manager customization server connected.
\w Warning: The directory: '/u/kunduru/FreePDK45/ncsu_basekit/cdssetup/cadence526/EX#2dOR' does not exist
\w 	but was defined in libFile '/u/kunduru/FreePDK45/ncsu_basekit/cdssetup/cadence526/cds.lib' for Lib 'EX#2dOR'.
\a cdsLibManager->libListBox->value = "carry_look_adder"
\a cdsLibManager->libLineEdit->value = "carry_look_adder"
\a nrListItemAction(cdsLibManager->libListBox "carry_look_adder" 0)
\a cdsLibManager->cellListBox->value = "16bit_adder"
\a cdsLibManager->cellLineEdit->value = "16bit_adder"
\o MPS request: edit design
\a nrListItemAction(cdsLibManager->cellListBox 2 0)
\a cdsLibManager->libListBox->value = nil
\a cdsLibManager->libLineEdit->value = ""
\a cdsLibManager->cellLineEdit->value = ""
\a cdsLibManager->cellListBox->value = nil
\w Warning: The directory: '/u/kunduru/FreePDK45/ncsu_basekit/cdssetup/cadence526/EX#2dOR' does not exist
\w 	but was defined in libFile '/u/kunduru/FreePDK45/ncsu_basekit/cdssetup/cadence526/cds.lib' for Lib 'EX#2dOR'.
\a cdsLibManager->libListBox->value = "carry_look_adder"
\a cdsLibManager->libLineEdit->value = "carry_look_adder"
\a cdsLibManager->cellListBox->value = "16bit_adder"
\a cdsLibManager->cellLineEdit->value = "16bit_adder"
\a cdsLibManager->viewListBox->value = "schematic"
\a cdsLibManager->viewLineEdit->value = "schematic"
\o MPS request: edit design
\a nrSetCurrentWindow(cdsLibManager)
\a nrSetCurrentWindow(cdsLibManager)
\a cdsLibManager->libListBox->value = nil
\a cdsLibManager->libLineEdit->value = ""
\a cdsLibManager->cellListBox->value = nil
\a cdsLibManager->viewLineEdit->value = ""
\a cdsLibManager->viewListBox->value = nil
\a cdsLibManager->cellLineEdit->value = ""
\w Warning: The directory: '/u/kunduru/FreePDK45/ncsu_basekit/cdssetup/cadence526/EX#2dOR' does not exist
\w 	but was defined in libFile '/u/kunduru/FreePDK45/ncsu_basekit/cdssetup/cadence526/cds.lib' for Lib 'EX#2dOR'.
\a cdsLibManager->libListBox->value = "carry_look_adder"
\a cdsLibManager->libLineEdit->value = "carry_look_adder"
\a cdsLibManager->cellListBox->value = "16bit_adder"
\a cdsLibManager->cellLineEdit->value = "16bit_adder"
\a cdsLibManager->viewListBox->value = "schematic"
\a cdsLibManager->viewLineEdit->value = "schematic"
\a cdsLibManager->viewLineEdit->value = ""
\a cdsLibManager->viewListBox->value = nil
\a cdsLibManager->viewListBox->value = "schematic"
\a cdsLibManager->viewLineEdit->value = "schematic"
\a cdsLibManager->libListBox->value = nil
\a cdsLibManager->libLineEdit->value = ""
\a cdsLibManager->cellListBox->value = nil
\a cdsLibManager->viewLineEdit->value = ""
\a cdsLibManager->viewListBox->value = nil
\a cdsLibManager->cellLineEdit->value = ""
\w Warning: The directory: '/u/kunduru/FreePDK45/ncsu_basekit/cdssetup/cadence526/EX#2dOR' does not exist
\w 	but was defined in libFile '/u/kunduru/FreePDK45/ncsu_basekit/cdssetup/cadence526/cds.lib' for Lib 'EX#2dOR'.
\a cdsLibManager->libListBox->value = "carry_look_adder"
\a cdsLibManager->libLineEdit->value = "carry_look_adder"
\a cdsLibManager->cellListBox->value = "16bit_adder"
\a cdsLibManager->cellLineEdit->value = "16bit_adder"
\a cdsLibManager->viewListBox->value = "schematic"
\a cdsLibManager->viewLineEdit->value = "schematic"
\a cdsLibManager->viewLineEdit->value = ""
\a cdsLibManager->viewListBox->value = nil
\a cdsLibManager->viewListBox->value = "schematic"
\a cdsLibManager->viewLineEdit->value = "schematic"
\a nrSetCurrentWindow(cdsLibManager)
\a cdsLibManager->cellListBox->value = "carry_genrator"
\a cdsLibManager->cellLineEdit->value = "carry_genrator"
\a cdsLibManager->viewLineEdit->value = ""
\a cdsLibManager->viewListBox->value = nil
\a cdsLibManager->viewListBox->value = "schematic"
\a cdsLibManager->viewLineEdit->value = "schematic"
\o MPS request: edit design
\a cdsLibManager->libListBox->value = nil
\a cdsLibManager->libLineEdit->value = ""
\a cdsLibManager->cellListBox->value = nil
\a cdsLibManager->viewLineEdit->value = ""
\a cdsLibManager->viewListBox->value = nil
\a cdsLibManager->cellLineEdit->value = ""
\w Warning: The directory: '/u/kunduru/FreePDK45/ncsu_basekit/cdssetup/cadence526/EX#2dOR' does not exist
\w 	but was defined in libFile '/u/kunduru/FreePDK45/ncsu_basekit/cdssetup/cadence526/cds.lib' for Lib 'EX#2dOR'.
\a cdsLibManager->libListBox->value = "carry_look_adder"
\a cdsLibManager->libLineEdit->value = "carry_look_adder"
\a cdsLibManager->cellListBox->value = "carry_genrator"
\a cdsLibManager->cellLineEdit->value = "carry_genrator"
\a cdsLibManager->viewListBox->value = "schematic"
\a cdsLibManager->viewLineEdit->value = "schematic"
\a cdsLibManager->viewLineEdit->value = ""
\a cdsLibManager->viewListBox->value = nil
\a cdsLibManager->viewListBox->value = "schematic"
\a cdsLibManager->viewLineEdit->value = "schematic"
\a cdsLibManager->libListBox->value = nil
\a cdsLibManager->libLineEdit->value = ""
\a cdsLibManager->cellListBox->value = nil
\a cdsLibManager->viewLineEdit->value = ""
\a cdsLibManager->viewListBox->value = nil
\a cdsLibManager->cellLineEdit->value = ""
\w Warning: The directory: '/u/kunduru/FreePDK45/ncsu_basekit/cdssetup/cadence526/EX#2dOR' does not exist
\w 	but was defined in libFile '/u/kunduru/FreePDK45/ncsu_basekit/cdssetup/cadence526/cds.lib' for Lib 'EX#2dOR'.
\a cdsLibManager->libListBox->value = "carry_look_adder"
\a cdsLibManager->libLineEdit->value = "carry_look_adder"
\a cdsLibManager->cellListBox->value = "carry_genrator"
\a cdsLibManager->cellLineEdit->value = "carry_genrator"
\a cdsLibManager->viewListBox->value = "schematic"
\a cdsLibManager->viewLineEdit->value = "schematic"
\a cdsLibManager->viewLineEdit->value = ""
\a cdsLibManager->viewListBox->value = nil
\a cdsLibManager->viewListBox->value = "schematic"
\a cdsLibManager->viewLineEdit->value = "schematic"
\a cdsLibManager->libListBox->value = nil
\a cdsLibManager->libLineEdit->value = ""
\a cdsLibManager->cellListBox->value = nil
\a cdsLibManager->viewLineEdit->value = ""
\a cdsLibManager->viewListBox->value = nil
\a cdsLibManager->cellLineEdit->value = ""
\w Warning: The directory: '/u/kunduru/FreePDK45/ncsu_basekit/cdssetup/cadence526/EX#2dOR' does not exist
\w 	but was defined in libFile '/u/kunduru/FreePDK45/ncsu_basekit/cdssetup/cadence526/cds.lib' for Lib 'EX#2dOR'.
\a cdsLibManager->libListBox->value = "carry_look_adder"
\a cdsLibManager->libLineEdit->value = "carry_look_adder"
\a cdsLibManager->cellListBox->value = "carry_genrator"
\a cdsLibManager->cellLineEdit->value = "carry_genrator"
\a cdsLibManager->viewListBox->value = "schematic"
\a cdsLibManager->viewLineEdit->value = "schematic"
\a cdsLibManager->viewLineEdit->value = ""
\a cdsLibManager->viewListBox->value = nil
\a cdsLibManager->viewListBox->value = "schematic"
\a cdsLibManager->viewLineEdit->value = "schematic"
\a cdsLibManager->libListBox->value = nil
\a cdsLibManager->libLineEdit->value = ""
\a cdsLibManager->cellListBox->value = nil
\a cdsLibManager->viewLineEdit->value = ""
\a cdsLibManager->viewListBox->value = nil
\a cdsLibManager->cellLineEdit->value = ""
\w Warning: The directory: '/u/kunduru/FreePDK45/ncsu_basekit/cdssetup/cadence526/EX#2dOR' does not exist
\w 	but was defined in libFile '/u/kunduru/FreePDK45/ncsu_basekit/cdssetup/cadence526/cds.lib' for Lib 'EX#2dOR'.
\a cdsLibManager->libListBox->value = "carry_look_adder"
\a cdsLibManager->libLineEdit->value = "carry_look_adder"
\a cdsLibManager->cellListBox->value = "carry_genrator"
\a cdsLibManager->cellLineEdit->value = "carry_genrator"
\a cdsLibManager->viewListBox->value = "schematic"
\a cdsLibManager->viewLineEdit->value = "schematic"
\a cdsLibManager->viewLineEdit->value = ""
\a cdsLibManager->viewListBox->value = nil
\a cdsLibManager->viewListBox->value = "schematic"
\a cdsLibManager->viewLineEdit->value = "schematic"
\a cdsLibManager->libListBox->value = nil
\a cdsLibManager->libLineEdit->value = ""
\a cdsLibManager->cellListBox->value = nil
\a cdsLibManager->viewLineEdit->value = ""
\a cdsLibManager->viewListBox->value = nil
\a cdsLibManager->cellLineEdit->value = ""
\w Warning: The directory: '/u/kunduru/FreePDK45/ncsu_basekit/cdssetup/cadence526/EX#2dOR' does not exist
\w 	but was defined in libFile '/u/kunduru/FreePDK45/ncsu_basekit/cdssetup/cadence526/cds.lib' for Lib 'EX#2dOR'.
\a cdsLibManager->libListBox->value = "carry_look_adder"
\a cdsLibManager->libLineEdit->value = "carry_look_adder"
\a cdsLibManager->cellListBox->value = "carry_genrator"
\a cdsLibManager->cellLineEdit->value = "carry_genrator"
\a cdsLibManager->viewListBox->value = "schematic"
\a cdsLibManager->viewLineEdit->value = "schematic"
\a cdsLibManager->viewLineEdit->value = ""
\a cdsLibManager->viewListBox->value = nil
\a cdsLibManager->viewListBox->value = "schematic"
\a cdsLibManager->viewLineEdit->value = "schematic"
\a cdsLibManager->libListBox->value = nil
\a cdsLibManager->libLineEdit->value = ""
\a cdsLibManager->cellListBox->value = nil
\a cdsLibManager->viewLineEdit->value = ""
\a cdsLibManager->viewListBox->value = nil
\a cdsLibManager->cellLineEdit->value = ""
\w Warning: The directory: '/u/kunduru/FreePDK45/ncsu_basekit/cdssetup/cadence526/EX#2dOR' does not exist
\w 	but was defined in libFile '/u/kunduru/FreePDK45/ncsu_basekit/cdssetup/cadence526/cds.lib' for Lib 'EX#2dOR'.
\a cdsLibManager->libListBox->value = "carry_look_adder"
\a cdsLibManager->libLineEdit->value = "carry_look_adder"
\a cdsLibManager->cellListBox->value = "carry_genrator"
\a cdsLibManager->cellLineEdit->value = "carry_genrator"
\a cdsLibManager->viewListBox->value = "schematic"
\a cdsLibManager->viewLineEdit->value = "schematic"
\a cdsLibManager->viewLineEdit->value = ""
\a cdsLibManager->viewListBox->value = nil
\a cdsLibManager->viewListBox->value = "schematic"
\a cdsLibManager->viewLineEdit->value = "schematic"
\a cdsLibManager->libListBox->value = nil
\a cdsLibManager->libLineEdit->value = ""
\a cdsLibManager->cellListBox->value = nil
\a cdsLibManager->viewLineEdit->value = ""
\a cdsLibManager->viewListBox->value = nil
\a cdsLibManager->cellLineEdit->value = ""
\w Warning: The directory: '/u/kunduru/FreePDK45/ncsu_basekit/cdssetup/cadence526/EX#2dOR' does not exist
\w 	but was defined in libFile '/u/kunduru/FreePDK45/ncsu_basekit/cdssetup/cadence526/cds.lib' for Lib 'EX#2dOR'.
\a cdsLibManager->libListBox->value = "carry_look_adder"
\a cdsLibManager->libLineEdit->value = "carry_look_adder"
\a cdsLibManager->cellListBox->value = "carry_genrator"
\a cdsLibManager->cellLineEdit->value = "carry_genrator"
\a cdsLibManager->viewListBox->value = "schematic"
\a cdsLibManager->viewLineEdit->value = "schematic"
\a cdsLibManager->viewLineEdit->value = ""
\a cdsLibManager->viewListBox->value = nil
\a cdsLibManager->viewListBox->value = "schematic"
\a cdsLibManager->viewLineEdit->value = "schematic"
\a cdsLibManager->libListBox->value = nil
\a cdsLibManager->libLineEdit->value = ""
\a cdsLibManager->cellListBox->value = nil
\a cdsLibManager->viewLineEdit->value = ""
\a cdsLibManager->viewListBox->value = nil
\a cdsLibManager->cellLineEdit->value = ""
\w Warning: The directory: '/u/kunduru/FreePDK45/ncsu_basekit/cdssetup/cadence526/EX#2dOR' does not exist
\w 	but was defined in libFile '/u/kunduru/FreePDK45/ncsu_basekit/cdssetup/cadence526/cds.lib' for Lib 'EX#2dOR'.
\a cdsLibManager->libListBox->value = "carry_look_adder"
\a cdsLibManager->libLineEdit->value = "carry_look_adder"
\a cdsLibManager->cellListBox->value = "carry_genrator"
\a cdsLibManager->cellLineEdit->value = "carry_genrator"
\a cdsLibManager->viewListBox->value = "schematic"
\a cdsLibManager->viewLineEdit->value = "schematic"
\a cdsLibManager->viewLineEdit->value = ""
\a cdsLibManager->viewListBox->value = nil
\a cdsLibManager->viewListBox->value = "schematic"
\a cdsLibManager->viewLineEdit->value = "schematic"
\a cdsLibManager->libListBox->value = nil
\a cdsLibManager->libLineEdit->value = ""
\a cdsLibManager->cellListBox->value = nil
\a cdsLibManager->viewLineEdit->value = ""
\a cdsLibManager->viewListBox->value = nil
\a cdsLibManager->cellLineEdit->value = ""
\w Warning: The directory: '/u/kunduru/FreePDK45/ncsu_basekit/cdssetup/cadence526/EX#2dOR' does not exist
\w 	but was defined in libFile '/u/kunduru/FreePDK45/ncsu_basekit/cdssetup/cadence526/cds.lib' for Lib 'EX#2dOR'.
\a cdsLibManager->libListBox->value = "carry_look_adder"
\a cdsLibManager->libLineEdit->value = "carry_look_adder"
\a cdsLibManager->cellListBox->value = "carry_genrator"
\a cdsLibManager->cellLineEdit->value = "carry_genrator"
\a cdsLibManager->viewListBox->value = "schematic"
\a cdsLibManager->viewLineEdit->value = "schematic"
\a cdsLibManager->viewLineEdit->value = ""
\a cdsLibManager->viewListBox->value = nil
\a cdsLibManager->viewListBox->value = "schematic"
\a cdsLibManager->viewLineEdit->value = "schematic"
\a nrSetCurrentWindow(cdsLibManager)
\a cdsLibManager->FileNewLibButton->value = t
\a nrSetWindowVisibility(NewLibShell "show")
\a nrSetCurrentWindow(NewLibShell)
\a nrSetCurrentWindow(NewLibShell->subDialog)
\a nrResizeWindow(NewLibShell list(235 41 507 559))
\a NewLibShell->newLibNameText->value = "Ripple_carry_adder"
\a NewLibShell->newLibOKButton->value = t
\w Warning: The directory: '/u/kunduru/FreePDK45/ncsu_basekit/cdssetup/cadence526/EX#2dOR' does not exist
\w 	but was defined in libFile '/u/kunduru/FreePDK45/ncsu_basekit/cdssetup/cadence526/cds.lib' for Lib 'EX#2dOR'.
\o Created new library "Ripple_carry_adder" at /u/kunduru/FreePDK45/ncsu_basekit/cdssetup/cadence526/Ripple_carry_adder.
\a nrSetCurrentWindow(cdsLibManager)
\a cdsLibManager->libListBox->value = nil
\a cdsLibManager->libLineEdit->value = ""
\a cdsLibManager->cellLineEdit->value = ""
\a cdsLibManager->viewLineEdit->value = ""
\a cdsLibManager->cellListBox->value = nil
\a cdsLibManager->viewListBox->value = nil
\w Warning: The directory: '/u/kunduru/FreePDK45/ncsu_basekit/cdssetup/cadence526/EX#2dOR' does not exist
\w 	but was defined in libFile '/u/kunduru/FreePDK45/ncsu_basekit/cdssetup/cadence526/cds.lib' for Lib 'EX#2dOR'.
\a cdsLibManager->libListBox->value = "carry_look_adder"
\a cdsLibManager->libLineEdit->value = "carry_look_adder"
\a cdsLibManager->cellListBox->value = "carry_genrator"
\a cdsLibManager->cellLineEdit->value = "carry_genrator"
\a cdsLibManager->viewListBox->value = "schematic"
\a cdsLibManager->viewLineEdit->value = "schematic"
\a cdsLibManager->viewLineEdit->value = ""
\a cdsLibManager->viewListBox->value = nil
\a cdsLibManager->viewListBox->value = "schematic"
\a cdsLibManager->viewLineEdit->value = "schematic"
\a nrResizeWindow(NewLibShell list(0 0 507 559))
\a nrSetCurrentWindow(cdsLibManager)
\a nrSetCurrentWindow(cdsLibManager)
\a cdsLibManager->libListBox->value = "Ripple_carry_adder"
\a cdsLibManager->libLineEdit->value = "Ripple_carry_adder"
\a cdsLibManager->cellLineEdit->value = ""
\a cdsLibManager->cellListBox->value = nil
\a cdsLibManager->viewLineEdit->value = ""
\a cdsLibManager->viewListBox->value = nil
\a cdsLibManager->FileNewCVButton->value = t
\a nrSetCurrentWindow(cdsLibManager)
\a cdsLibManager->FileNewCVButton->value = t
\a nrSetCurrentWindow(cdsLibManager)
\a nrSetCurrentWindow(cdsLibManager)
\a cdsLibManager->libListBox->value = nil
\a cdsLibManager->libLineEdit->value = ""
\w Warning: The directory: '/u/kunduru/FreePDK45/ncsu_basekit/cdssetup/cadence526/EX#2dOR' does not exist
\w 	but was defined in libFile '/u/kunduru/FreePDK45/ncsu_basekit/cdssetup/cadence526/cds.lib' for Lib 'EX#2dOR'.
\a cdsLibManager->libListBox->value = "Ripple_carry_adder"
\a cdsLibManager->libLineEdit->value = "Ripple_carry_adder"
\a cdsLibManager->cellListBox->value = "4bit_ripple"
\a cdsLibManager->cellLineEdit->value = "4bit_ripple"
\a cdsLibManager->viewListBox->value = "schematic"
\a cdsLibManager->viewLineEdit->value = "schematic"
\a cdsLibManager->cellLineEdit->value = ""
\a cdsLibManager->cellListBox->value = nil
\a cdsLibManager->viewLineEdit->value = ""
\a cdsLibManager->viewListBox->value = nil
\a cdsLibManager->cellListBox->value = "4bit_ripple"
\a cdsLibManager->cellLineEdit->value = "4bit_ripple"
\a cdsLibManager->viewListBox->value = "schematic"
\a cdsLibManager->viewLineEdit->value = "schematic"
\a cdsLibManager->viewLineEdit->value = ""
\a cdsLibManager->viewListBox->value = nil
\a cdsLibManager->viewListBox->value = "schematic"
\a cdsLibManager->viewLineEdit->value = "schematic"
\a cdsLibManager->libListBox->value = nil
\a cdsLibManager->libLineEdit->value = ""
\a cdsLibManager->cellListBox->value = nil
\a cdsLibManager->viewLineEdit->value = ""
\a cdsLibManager->viewListBox->value = nil
\a cdsLibManager->cellLineEdit->value = ""
\w Warning: The directory: '/u/kunduru/FreePDK45/ncsu_basekit/cdssetup/cadence526/EX#2dOR' does not exist
\w 	but was defined in libFile '/u/kunduru/FreePDK45/ncsu_basekit/cdssetup/cadence526/cds.lib' for Lib 'EX#2dOR'.
\a cdsLibManager->libListBox->value = "Ripple_carry_adder"
\a cdsLibManager->libLineEdit->value = "Ripple_carry_adder"
\a cdsLibManager->cellListBox->value = "4bit_ripple"
\a cdsLibManager->cellLineEdit->value = "4bit_ripple"
\a cdsLibManager->viewListBox->value = "schematic"
\a cdsLibManager->viewLineEdit->value = "schematic"
\a cdsLibManager->viewLineEdit->value = ""
\a cdsLibManager->viewListBox->value = nil
\a cdsLibManager->viewListBox->value = "schematic"
\a cdsLibManager->viewLineEdit->value = "schematic"
\a cdsLibManager->libListBox->value = nil
\a cdsLibManager->libLineEdit->value = ""
\a cdsLibManager->cellListBox->value = nil
\a cdsLibManager->viewLineEdit->value = ""
\a cdsLibManager->viewListBox->value = nil
\a cdsLibManager->cellLineEdit->value = ""
\w Warning: The directory: '/u/kunduru/FreePDK45/ncsu_basekit/cdssetup/cadence526/EX#2dOR' does not exist
\w 	but was defined in libFile '/u/kunduru/FreePDK45/ncsu_basekit/cdssetup/cadence526/cds.lib' for Lib 'EX#2dOR'.
\a cdsLibManager->libListBox->value = "Ripple_carry_adder"
\a cdsLibManager->libLineEdit->value = "Ripple_carry_adder"
\a cdsLibManager->cellListBox->value = "4bit_ripple"
\a cdsLibManager->cellLineEdit->value = "4bit_ripple"
\a cdsLibManager->viewListBox->value = "schematic"
\a cdsLibManager->viewLineEdit->value = "schematic"
\a cdsLibManager->viewLineEdit->value = ""
\a cdsLibManager->viewListBox->value = nil
\a cdsLibManager->viewListBox->value = "schematic"
\a cdsLibManager->viewLineEdit->value = "schematic"
\a nrSetCurrentWindow(cdsLibManager)
\a nrSetWindowVisibility(cdsLibManager "hide")
\a nrSetWindowVisibility(cdsLibManager "show")
\a nrSetCurrentWindow(cdsLibManager)
\a nrSetWindowVisibility(cdsLibManager "hide")
\a _lmgrCloseIconify("cdsLibManager" 1)
\o MPS service: shutdown
\o libManager is exiting.
\a exit(0)
